2025-02-12 00:48:55,266 - OLX GetLinks - INFO - Acessando: https://www.olx.com.br/imoveis/venda/estado-ba/grande-salvador/grande-salvador?o=1
2025-02-12 00:49:01,652 - OLX GetLinks - INFO - peguei todos os links 100
2025-02-12 00:49:03,604 - OLX GetLinks - INFO - peguei link: https://ba.olx.com.br/grande-salvador/imoveis/apartamento-com-piscina-e-lazer-completo-1375468330
2025-02-12 00:49:03,604 - OLX GetLinks - INFO - peguei link: https://ba.olx.com.br/grande-salvador/imoveis/casa-4-suites-em-barra-do-jacuipe-1300746923
2025-02-12 00:49:03,604 - OLX GetLinks - INFO - peguei link: https://ba.olx.com.br/grande-salvador/imoveis/vendo-casa-zap-48-1353432891
2025-02-12 00:49:03,604 - OLX GetLinks - INFO - peguei link: https://ba.olx.com.br/grande-salvador/imoveis/vendo-troca-permuta-aratuba-864287931
2025-02-12 00:49:03,604 - OLX GetLinks - INFO - peguei link: https://ba.olx.com.br/grande-salvador/imoveis/casa-alto-luxo-porteira-fechada-alphaville-litoral-norte-i-1325700286
2025-02-12 00:49:03,604 - OLX GetLinks - INFO - peguei link: https://ba.olx.com.br/grande-salvador/imoveis/casa-alto-luxo-vista-mar-busca-vida-1309567532
2025-02-12 00:49:03,604 - OLX GetLinks - INFO - peguei link: https://ba.olx.com.br/grande-salvador/imoveis/casa-em-praia-do-forte-com-05-suites-1361799244
2025-02-12 00:49:03,604 - OLX GetLinks - INFO - peguei link: https://ba.olx.com.br/grande-salvador/imoveis/alphaville-litoral-norte-2-baixou-para-r-1-790-000-1311342598
2025-02-12 00:49:03,604 - OLX GetLinks - INFO - peguei link: https://ba.olx.com.br/grande-salvador/imoveis/praia-do-forte-vila-do-lago-praia-do-forte-apartamentos-1-e-2-quartos-a-venda-1323579686
2025-02-12 00:49:03,604 - OLX GetLinks - INFO - peguei link: https://ba.olx.com.br/grande-salvador/imoveis/casa-a-venda-em-otima-localizacao-1377928728
2025-02-12 00:49:03,604 - OLX GetLinks - INFO - peguei link: https://ba.olx.com.br/grande-salvador/imoveis/apartamento-para-venda-em-mata-de-sao-joao-praia-do-forte-1-dormitorio-1-banheiro-1-va-1377926678
2025-02-12 00:49:03,604 - OLX GetLinks - INFO - peguei link: https://ba.olx.com.br/grande-salvador/imoveis/village-a-venda-imbassai-mata-de-sao-joao-ba-1377926677
2025-02-12 00:49:03,604 - OLX GetLinks - INFO - peguei link: https://ba.olx.com.br/grande-salvador/imoveis/vendo-ou-alugo-para-temporada-casa-na-ilha-itaparica-ponta-de-areia-1377922959
2025-02-12 00:49:03,604 - OLX GetLinks - INFO - peguei link: https://ba.olx.com.br/grande-salvador/imoveis/casa-com-moveis-90mil-1377922310
2025-02-12 00:49:03,604 - OLX GetLinks - INFO - peguei link: https://ba.olx.com.br/grande-salvador/imoveis/vendo-ou-troco-casa-em-dias-d-avila-1377921081
2025-02-12 00:49:03,604 - OLX GetLinks - INFO - peguei link: https://ba.olx.com.br/grande-salvador/imoveis/casa-em-praia-do-forte-no-condominio-ilha-dos-passaros-4-suites-800-m2-de-terreno-1377916597
2025-02-12 00:49:03,605 - OLX GetLinks - INFO - peguei link: https://ba.olx.com.br/grande-salvador/imoveis/casa-a-venda-otima-oportunidade-1377915484
2025-02-12 00:49:03,605 - OLX GetLinks - INFO - peguei link: https://ba.olx.com.br/grande-salvador/imoveis/vende-se-esta-casa-localizada-na-zona-rural-de-mapele-simoes-filho-1377914630
2025-02-12 00:49:03,605 - OLX GetLinks - INFO - peguei link: https://ba.olx.com.br/grande-salvador/imoveis/csa-1377911844
2025-02-12 00:49:03,605 - OLX GetLinks - INFO - peguei link: https://ba.olx.com.br/grande-salvador/imoveis/casa-em-barra-de-jacuipe-escriturada-1361404888
2025-02-12 00:49:03,605 - OLX GetLinks - INFO - peguei link: https://ba.olx.com.br/grande-salvador/imoveis/casa-a-venda-d01-1361193368
2025-02-12 00:49:03,605 - OLX GetLinks - INFO - peguei link: https://ba.olx.com.br/grande-salvador/imoveis/casa-em-barra-do-jacuipe-condominio-enseada-do-jacuipe-1377909920
2025-02-12 00:49:03,605 - OLX GetLinks - INFO - peguei link: https://ba.olx.com.br/grande-salvador/imoveis/villa-do-mar-1337301071
2025-02-12 00:49:03,605 - OLX GetLinks - INFO - peguei link: https://ba.olx.com.br/grande-salvador/imoveis/villa-do-mar-3-4-em-buraquinho-porteira-fechada-1321127161
2025-02-12 00:49:03,605 - OLX GetLinks - INFO - peguei link: https://ba.olx.com.br/grande-salvador/imoveis/vendo-casa-1377908173
2025-02-12 00:49:03,605 - OLX GetLinks - INFO - peguei link: https://ba.olx.com.br/grande-salvador/imoveis/apartamento-1-4-em-buraquinho-1377905745
2025-02-12 00:49:03,605 - OLX GetLinks - INFO - peguei link: https://ba.olx.com.br/grande-salvador/imoveis/casa-4-suites-alphaville-litoral-norte-1323836247
2025-02-12 00:49:03,605 - OLX GetLinks - INFO - peguei link: https://ba.olx.com.br/grande-salvador/imoveis/linda-casa-5-4-sendo-4-suites-alphaville-litoral-norte-1-1323819602
2025-02-12 00:49:03,605 - OLX GetLinks - INFO - peguei link: https://ba.olx.com.br/grande-salvador/imoveis/casa-nova-4-suites-alphaville-litoral-norte-1323790032
2025-02-12 00:49:03,605 - OLX GetLinks - INFO - peguei link: https://ba.olx.com.br/grande-salvador/imoveis/casa-terrea-4-suites-busca-vida-1361479015
2025-02-12 00:49:03,605 - OLX GetLinks - INFO - peguei link: https://ba.olx.com.br/grande-salvador/imoveis/casa-novissima-em-busca-ville-4-suites-1361482548
2025-02-12 00:49:03,605 - OLX GetLinks - INFO - peguei link: https://ba.olx.com.br/grande-salvador/imoveis/apartamento-primeiro-andar-2-4-suite-abrantes-1345009944
2025-02-12 00:49:03,605 - OLX GetLinks - INFO - peguei link: https://ba.olx.com.br/grande-salvador/imoveis/mansao-5-suites-encontro-das-aguas-1293665094
2025-02-12 00:49:03,605 - OLX GetLinks - INFO - peguei link: https://ba.olx.com.br/grande-salvador/imoveis/casa-espetacular-alphaville-litoral-norte-1-1263532682
2025-02-12 00:49:03,605 - OLX GetLinks - INFO - peguei link: https://ba.olx.com.br/grande-salvador/imoveis/casa-4-suites-alphaville-litoral-norte-1271710636
2025-02-12 00:49:03,606 - OLX GetLinks - INFO - peguei link: https://ba.olx.com.br/grande-salvador/imoveis/casa-4-4-sendo-3-suites-1293603351
2025-02-12 00:49:03,606 - OLX GetLinks - INFO - peguei link: https://ba.olx.com.br/grande-salvador/imoveis/lindissima-casa-4-4-sendo-3-suites-terras-alphaville-1377897852
2025-02-12 00:49:03,606 - OLX GetLinks - INFO - peguei link: https://ba.olx.com.br/grande-salvador/imoveis/casa-4-4-sendo-3-suites-alphaville-litoral-norte-2-1311287888
2025-02-12 00:49:03,606 - OLX GetLinks - INFO - peguei link: https://ba.olx.com.br/grande-salvador/imoveis/casa-4-suites-alphaville-litoral-norte-2-1276955930
2025-02-12 00:49:03,606 - OLX GetLinks - INFO - peguei link: https://ba.olx.com.br/grande-salvador/imoveis/vende-se-casa-em-barra-do-pote-1377897379
2025-02-12 00:49:03,606 - OLX GetLinks - INFO - peguei link: https://ba.olx.com.br/grande-salvador/imoveis/casa-eco-vilas-condominio-fechado-4-suites-1377896881
2025-02-12 00:49:03,606 - OLX GetLinks - INFO - peguei link: https://ba.olx.com.br/grande-salvador/imoveis/casa-3-4-sendo-2-suites-em-condominio-fechado-estrada-do-coco-1353207922
2025-02-12 00:49:03,606 - OLX GetLinks - INFO - peguei link: https://ba.olx.com.br/grande-salvador/imoveis/casa-mobiliada-em-ponta-de-areia-1370423328
2025-02-12 00:49:03,606 - OLX GetLinks - INFO - peguei link: https://ba.olx.com.br/grande-salvador/imoveis/apartamento-para-venda-sun-garden-1362235858
2025-02-12 00:49:03,606 - OLX GetLinks - INFO - peguei link: https://ba.olx.com.br/grande-salvador/imoveis/casa-solta-para-venda-no-caji-1362236284
2025-02-12 00:49:03,606 - OLX GetLinks - INFO - peguei link: https://ba.olx.com.br/grande-salvador/imoveis/kitnet-em-itinga-1377887711
2025-02-12 00:49:03,606 - OLX GetLinks - INFO - peguei link: https://ba.olx.com.br/grande-salvador/imoveis/tb49-casa-com-2-quartos-em-camacari-1377886536
2025-02-12 00:49:03,606 - OLX GetLinks - INFO - peguei link: https://ba.olx.com.br/grande-salvador/imoveis/belissima-casa-a-venda-no-litoral-norte-barra-de-jacuipe-1372080676
2025-02-12 00:49:03,606 - OLX GetLinks - INFO - peguei link: https://ba.olx.com.br/grande-salvador/imoveis/casa-no-malemba-1367260908
2025-02-12 00:49:03,606 - OLX GetLinks - INFO - peguei link: https://ba.olx.com.br/grande-salvador/imoveis/apartamento-2-4-no-suburbio-novo-1377868691
2025-02-12 00:49:03,606 - OLX GetLinks - INFO - Acessando: https://www.olx.com.br/imoveis/venda/estado-ba/grande-salvador/grande-salvador?o=2
